<?xml version="1.0" encoding="UTF-8"?>
<!-- Generated by org.testng.reporters.JUnitReportReporter -->
<testsuite hostname="DESKTOP-Q0IB3LN" failures="0" tests="4" name="sprint1.Day13_BTVN" time="54.390" errors="0" timestamp="2024-01-29T15:21:15 ICT" skipped="0">
  <testcase classname="sprint1.Day13_BTVN" name="Testcase1_InCorrectUserAndPass" time="12.217"/>
  <system-out/>
  <testcase classname="sprint1.Day13_BTVN" name="Testcase1_InCorrectUser" time="16.410"/>
  <system-out/>
  <testcase classname="sprint1.Day13_BTVN" name="Testcase1_Logout" time="12.824"/>
  <system-out/>
  <testcase classname="sprint1.Day13_BTVN" name="Testcase1_CorrectUser" time="12.939"/>
  <system-out/>
</testsuite> <!-- sprint1.Day13_BTVN -->
